<?xml version="1.0" encoding="UTF-8"?>
<robot generator="Robot 5.0 (Python 3.10.0 on win32)" generated="20220428 10:09:51.852" rpa="false" schemaversion="3">
<suite id="s1" name="Utilisation-Librarie" source="C:\Users\Administrateur\PycharmProjects\banque\utilisation-librarie.robot">
<test id="s1-t1" name="Utilisation du mot-clé personnalisé" line="5">
<kw name="Dire Bonjour" library="MaLibrairie">
<var>${message}</var>
<arg>Etienne</arg>
<doc>Ce mot clé génère un message personnalisé.</doc>
<msg timestamp="20220428 10:09:51.890" level="INFO">${message} = Bonjour Etienne!</msg>
<status status="PASS" starttime="20220428 10:09:51.890" endtime="20220428 10:09:51.890"/>
</kw>
<kw name="Log To Console" library="BuiltIn">
<arg>${message}</arg>
<doc>Logs the given message to the console.</doc>
<status status="PASS" starttime="20220428 10:09:51.891" endtime="20220428 10:09:51.891"/>
</kw>
<kw name="Dire Bonjour" library="MaLibrairie">
<var>${message}</var>
<doc>Ce mot clé génère un message personnalisé.</doc>
<msg timestamp="20220428 10:09:51.892" level="INFO">${message} = Bonjour à toi !</msg>
<status status="PASS" starttime="20220428 10:09:51.891" endtime="20220428 10:09:51.892"/>
</kw>
<kw name="Log To Console" library="BuiltIn">
<arg>${message}</arg>
<doc>Logs the given message to the console.</doc>
<status status="PASS" starttime="20220428 10:09:51.892" endtime="20220428 10:09:51.892"/>
</kw>
<status status="PASS" starttime="20220428 10:09:51.889" endtime="20220428 10:09:51.893"/>
</test>
<status status="PASS" starttime="20220428 10:09:51.854" endtime="20220428 10:09:51.896"/>
</suite>
<statistics>
<total>
<stat pass="1" fail="0" skip="0">All Tests</stat>
</total>
<tag>
</tag>
<suite>
<stat pass="1" fail="0" skip="0" id="s1" name="Utilisation-Librarie">Utilisation-Librarie</stat>
</suite>
</statistics>
<errors>
</errors>
</robot>
